<?xml version="1.0" encoding="UTF-8"?>
<!-- Generated by org.testng.reporters.JUnitReportReporter -->
<testsuite skipped="0" hostname="Admins-MacBook-Pro.local" name="com.sample.test.pages.OrderPage" tests="1" failures="0" timestamp="15 Nov 2019 16:59:53 GMT" time="1.870" errors="0">
  <testcase name="validatingOrderCostFunctionality" time="1.870" classname="com.sample.test.pages.OrderPage"/>
</testsuite> <!-- com.sample.test.pages.OrderPage -->
