<?xml version="1.0" encoding="UTF-8"?>
<!-- Generated by org.testng.reporters.JUnitReportReporter -->
<testsuite skipped="0" hostname="Admins-MacBook-Pro.local" name="com.sample.test.demo.tests.TC_04_ValidatingPickUpInformation" tests="2" failures="0" timestamp="16 Nov 2019 19:21:36 GMT" time="2.479" errors="0">
  <testcase name="missingUserName" time="1.051" classname="com.sample.test.demo.tests.TC_04_ValidatingPickUpInformation"/>
  <testcase name="missingPhoneNumber" time="1.428" classname="com.sample.test.demo.tests.TC_04_ValidatingPickUpInformation"/>
</testsuite> <!-- com.sample.test.demo.tests.TC_04_ValidatingPickUpInformation -->
