<?xml version="1.0" encoding="UTF-8"?>
<!-- Generated by org.testng.reporters.JUnitReportReporter -->
<testsuite skipped="0" hostname="Admins-MacBook-Pro.local" name="com.sample.test.demo.tests.DemoTest" tests="1" failures="0" timestamp="16 Nov 2019 19:21:31 GMT" time="0.012" errors="0">
  <testcase name="demoTest" time="0.012" classname="com.sample.test.demo.tests.DemoTest"/>
</testsuite> <!-- com.sample.test.demo.tests.DemoTest -->
