<?xml version="1.0" encoding="UTF-8"?>
<!-- Generated by org.testng.reporters.JUnitReportReporter -->
<testsuite skipped="0" hostname="Admins-MacBook-Pro.local" name="com.sample.test.demo.tests.TC_02_ValidatingOrderCostFunctionality" tests="1" failures="0" timestamp="16 Nov 2019 22:40:38 GMT" time="1.838" errors="0">
  <testcase name="TC_02_ValidatingOrderCostFunctionalityWithNegativeQuantity" time="1.838" classname="com.sample.test.demo.tests.TC_02_ValidatingOrderCostFunctionality"/>
</testsuite> <!-- com.sample.test.demo.tests.TC_02_ValidatingOrderCostFunctionality -->
