<?xml version="1.0" encoding="UTF-8"?>
<!-- Generated by org.testng.reporters.JUnitReportReporter -->
<testsuite skipped="0" hostname="Admins-MacBook-Pro.local" name="com.sample.test.demo.tests.TC_01_HappyPath" tests="1" failures="0" timestamp="16 Nov 2019 19:21:46 GMT" time="1.468" errors="0">
  <testcase name="happyPath" time="1.468" classname="com.sample.test.demo.tests.TC_01_HappyPath"/>
</testsuite> <!-- com.sample.test.demo.tests.TC_01_HappyPath -->
